# chunk7.movie
# 2026-06-04 20:19:08
# python code/run_dz_plots.py output/aos_fam_danish_1_0_wep17_3_0_bin2x_20260315_20260327.parquet output/aos_fam_danish_1_0_wep17_3_0_bin2x_20260315_20260327_fits.parquet --coord-sys OCS --no-fit-params --no-trio

WARNING: No table::len::detector found in metadata. Using longest string (7 characters). [astropy.io.misc.parquet]
2026-06-04 20:19:28,185 astroquery _showwarning         WARNING No table::len::detector found in metadata. Using longest string (7 characters).
WARNING: No table::len::extra_donut_id found in metadata. Using longest string (21 characters). [astropy.io.misc.parquet]
2026-06-04 20:19:28,960 astroquery _showwarning         WARNING No table::len::extra_donut_id found in metadata. Using longest string (21 characters).
WARNING: No table::len::intra_donut_id found in metadata. Using longest string (21 characters). [astropy.io.misc.parquet]
2026-06-04 20:19:29,732 astroquery _showwarning         WARNING No table::len::intra_donut_id found in metadata. Using longest string (21 characters).
WARNING: No table::len::donut_id_intra found in metadata. Using longest string (21 characters). [astropy.io.misc.parquet]
2026-06-04 20:19:30,522 astroquery _showwarning         WARNING No table::len::donut_id_intra found in metadata. Using longest string (21 characters).
WARNING: No table::len::donut_id_extra found in metadata. Using longest string (21 characters). [astropy.io.misc.parquet]
2026-06-04 20:19:31,290 astroquery _showwarning         WARNING No table::len::donut_id_extra found in metadata. Using longest string (21 characters).
Loading donuts: output/aos_fam_danish_1_0_wep17_3_0_bin2x_20260315_20260327.parquet
  969170 donuts
Loading fits: output/aos_fam_danish_1_0_wep17_3_0_bin2x_20260315_20260327_fits.parquet
  385 visits
Noll indices (21 terms): [4, 5, 6, 7, 8, 9, 10, 11, 12, 13, 14, 15, 16, 17, 18, 19, 22, 23, 24, 25, 26]
Matched donuts (969170/969170): 969170
Per-visit quality filter: kept 952209/969170 donuts (385 visits)

Reconstructing per-donut fit arrays...
Reconstructed zk_fit_z1toz3: 952209 donuts, 385 images, 21 Zernikes
Reconstructed zk_fit_z1toz6: 952209 donuts, 385 images, 21 Zernikes

============================================================
Single-image residual maps
============================================================
Generating residual maps for 385 visits...
  ...processed 50/385 visits
  ...processed 100/385 visits
  ...processed 150/385 visits
  ...processed 200/385 visits
  ...processed 250/385 visits
  ...processed 300/385 visits
  ...processed 350/385 visits
Generated 385 residual map frames
Saved movie: output/aos_fam_danish_1_0_wep17_3_0_bin2x_20260315_20260327/single_image_residuals.mp4
Cleaned up 385 JPEGs

Done.
