# chunk3.mktable
# 2026-04-12 10:16:27

Pipeline: aos_fam_danish_triplets OCS 20260331-20260404
  Butler: /repo/embargo
  Collections: ['aos_fam_danish_triplets']
  Options: intrinsics=True, mean_zk=False, fp_coords=False, thermal=True
  Output: output/aos_fam_danish_triplets_20260331_20260404.hdf5
Retrieved 3432 visits from ConsDB
Total rows matching ['T278', 'T381', 'T492', 'T539', 'T614'] and img_type='cwfs': 785

Band counts by day_obs:
band_first  u  g  r    i  z  y
day_obs                       
20260331    0  0  0  193  0  0
20260401    0  0  0  288  0  0
20260402    0  0  0  206  0  0
20260404    0  0  0   98  0  0
TOTAL       0  0  0  785  0  0
Warning: Unpaired image at day_obs=20260331, seq_num=580

Found 392 FAM image pairs (keeping second of each pair)
Note: 1 unpaired images were skipped

ConsDB physical_rotator_angle: 152/392 visits
ConsDB physical_rotator_angle: 152 present, 240 missing
Querying Butler visitInfo for 240 visits...
  Got visitInfo for 240/240 visits
Querying EFD rotator positions for 240 visits...
  Got EFD rotator for 240/240 visits

Rotator angle sources: ConsDB=152, EFD=240, visitInfo=240
Flagged (|angle| > 90.0 deg): 0

Generating intrinsic wavefront model...
Generated intrinsic model at 4049 points
Created interpolators for 25 Zernike terms
Initializing Butler with repo=/repo/embargo, collections: ['aos_fam_danish_triplets']

Extracting Zernikes for 392 visits...

============================================================
Extraction Summary:
  Total visits attempted: 392
  Successful extractions: 392
  Failed extractions:     0
  nollIndices: [np.int64(4), np.int64(5), np.int64(6), np.int64(7), np.int64(8), np.int64(9), np.int64(10), np.int64(11), np.int64(12), np.int64(13), np.int64(14), np.int64(15), np.int64(16), np.int64(17), np.int64(18), np.int64(19), np.int64(22), np.int64(23), np.int64(24), np.int64(25), np.int64(26)]
  Total donut measurements: 1010127
============================================================

Data has 21 Zernike terms per donut
Zernike indices used: [4, 5, 6, 7, 8, 9, 10, 11, 12, 13, 14, 15, 16, 17, 18, 19, 22, 23, 24, 25, 26]
Interpolating intrinsic Zernikes for 1010127 measurements...
Added columns: 'zk_intrinsic', 'zk_residual'
Added rotator columns to aosTable. Flagged: 0 (|angle| > 90.0 deg)
Added rotator_angle to visit_info
ConsDB returned 2710 exposure records for obs times
Matched obs times for 392/392 visits
Querying EFD temperatures for 392 visits...
  cam_air_temp: 392/392 valid
  m2_air_temp: 392/392 valid
  m1m3_air_temp: 392/392 valid
  outside_temp: 392/392 valid
  M1M3 gradients day_obs 20260331: 96 visits
  M1M3 gradients day_obs 20260401: 144 visits
  M1M3 gradients day_obs 20260402: 103 visits
  M1M3 gradients day_obs 20260404: 49 visits
Querying TMA truss temperatures...

Thermal data: 13 columns for 392 visits
Added 13 thermal columns to visit_info
Dropped 13 columns: ['zk_NW', 'zk_intrinsic_NW', 'zk_deviation_NW', 'th_N', 'th_W', 'coord_ra_intra', 'coord_ra_extra', 'coord_dec_intra', 'coord_dec_extra', 'th_N_intra', 'th_N_extra', 'th_W_intra', 'th_W_extra']

Saved to output/aos_fam_danish_triplets_20260331_20260404.hdf5:
  donuts: 1010127 rows
  visits: 392 rows

Final aosTable: 1010127 rows, 39 columns
Columns: ['zk_CCS', 'zk_intrinsic_CCS', 'zk_deviation_CCS', 'used', 'detector', 'zk_OCS', 'zk_intrinsic_OCS', 'zk_deviation_OCS', 'coord_ra', 'coord_dec', 'centroid_x', 'centroid_y', 'thx_CCS', 'thy_CCS', 'thx_OCS', 'thy_OCS', 'snr', 'centroid_x_intra', 'centroid_x_extra', 'centroid_y_intra', 'centroid_y_extra', 'thx_CCS_intra', 'thx_CCS_extra', 'thy_CCS_intra', 'thy_CCS_extra', 'thx_OCS_intra', 'thx_OCS_extra', 'thy_OCS_intra', 'thy_OCS_extra', 'snr_intra', 'snr_extra', 'seq_num', 'day_obs', 'blur', 'matched_intra_extra', 'zk_intrinsic', 'zk_residual', 'rotator_angle', 'rotator_flagged']
