# chunk9.mktable
# 2026-06-04 23:10:53

Pipeline: aos_fam_danish_1_0_wep17_3_0_bin2x OCS 20260418-20260531
  Butler: /repo/main
  Collections: ['LSSTCam/runs/aos/fam/danish_1_0/wep_17_3_0/dv_4_2_0/bin_x2/paired']
  Options: intrinsics=True, mean_zk=False, fp_coords=False, thermal=True
  Output: output/aos_fam_danish_1_0_wep17_3_0_bin2x_20260418_20260531.parquet
Retrieved 28399 visits from ConsDB
Total rows matching ['T278', 'T381', 'T492', 'T539', 'T614', 'T710', 'T717', 'T720', 'T724'] and img_type='cwfs': 439

Band counts by day_obs:
band_first   u  g  r    i  z   y
day_obs                         
20260418    48  0  0   49  0   0
20260419     0  0  0   48  0   0
20260420     0  0  0   48  0   0
20260423     0  0  0   54  0   0
20260428     0  0  0    0  0  24
20260430     0  0  0   58  0   0
20260513     0  0  0  110  0   0
TOTAL       48  0  0  367  0  24
Warning: Unpaired image at day_obs=20260418, seq_num=262

Found 219 FAM image pairs (keeping second of each pair)
Note: 1 unpaired images were skipped

ConsDB physical_rotator_angle: 178/219 visits
ConsDB physical_rotator_angle: 178 present, 41 missing
  Missing from ConsDB — falling back to EFD, then Butler visitInfo:
    day_obs=20260428: 12/12 visits missing
    day_obs=20260430: 29/29 visits missing
  First 20 missing (day_obs, seq_num):
    20260428 199
    20260428 212
    20260428 215
    20260428 218
    20260428 221
    20260428 224
    20260428 227
    20260428 230
    20260428 233
    20260428 246
    20260428 249
    20260428 252
    20260430 41
    20260430 44
    20260430 47
    20260430 50
    20260430 53
    20260430 56
    20260430 59
    20260430 62
    ... and 21 more
Querying EFD rotator positions for 41 visits...
  Got EFD rotator for 41/41 visits
  EFD filled all 41 ConsDB-missing visits — skipping Butler visitInfo queries

Rotator angle sources: ConsDB=178, EFD=41, visitInfo=0
Flagged (|angle| > 90.0 deg): 0
Warning: calc_intrinsics=True is no longer supported in the streaming pipeline (intrinsics are read from Butler metadata). Ignoring the flag.
Initializing Butler with repo=/repo/main, collections: ['LSSTCam/runs/aos/fam/danish_1_0/wep_17_3_0/dv_4_2_0/bin_x2/paired']

Streaming Zernikes for 219 visits to output/aos_fam_danish_1_0_wep17_3_0_bin2x_20260418_20260531.parquet...

============================================================
Extraction Summary:
  Total visits attempted: 219
  Successful extractions: 219
  Failed extractions:     0
  nollIndices: [np.int64(4), np.int64(5), np.int64(6), np.int64(7), np.int64(8), np.int64(9), np.int64(10), np.int64(11), np.int64(12), np.int64(13), np.int64(14), np.int64(15), np.int64(16), np.int64(17), np.int64(18), np.int64(19), np.int64(22), np.int64(23), np.int64(24), np.int64(25), np.int64(26)]
  Total donut measurements: 532723
============================================================

  Added ['science_program'] to visit_info: 219/219 visits matched in the ConsDB query result
Added rotator columns to visit_info. Flagged: 0 (|angle| > 90.0 deg)
ConsDB returned 5093 exposure records for obs times
Matched obs times for 219/219 visits
Querying EFD temperatures for 219 visits...
  cam_air_temp: 219/219 valid
  m2_air_temp: 219/219 valid
  m1m3_air_temp: 219/219 valid
  outside_temp: 219/219 valid
  M1M3 data for day_obs 20260418: 48 visits
  Added 146 per-thermocouple temperature columns
  Added 50 per-cell vertical gradient columns
  M1M3 data for day_obs 20260419: 24 visits
  Added 146 per-thermocouple temperature columns
  Added 50 per-cell vertical gradient columns
  M1M3 data for day_obs 20260420: 24 visits
  Added 146 per-thermocouple temperature columns
  Added 50 per-cell vertical gradient columns
  M1M3 data for day_obs 20260423: 27 visits
  Added 146 per-thermocouple temperature columns
  Added 50 per-cell vertical gradient columns
  M1M3 data for day_obs 20260428: 12 visits
  Added 146 per-thermocouple temperature columns
  Added 50 per-cell vertical gradient columns
  M1M3 data for day_obs 20260430: 29 visits
  Added 146 per-thermocouple temperature columns
  Added 50 per-cell vertical gradient columns
  M1M3 data for day_obs 20260513: 55 visits
  Added 146 per-thermocouple temperature columns
  Added 50 per-cell vertical gradient columns
Querying TMA truss temperatures...

Thermal data: 209 columns for 219 visits (13 scalar, 146 per-thermocouple, 50 per-cell-vertical-gradient)
Added 209 thermal columns to visit_info

--- Per-visit quality cuts ---
quality_visit_mask: 219/219 visits pass
  cut n_donuts >= 500: drops 0
  cut n_detectors_with_min_donuts >= 170: drops 0
  cut median_blur_arcsec <= 1.20: drops 0
  Wrote validation plot: output/aos_fam_danish_1_0_wep17_3_0_bin2x_20260418_20260531_visit_quality.pdf
  thermocouples: output/m1m3_thermocouples.parquet — 146 thermocouples (name, x, y, z, scanner)

Saved:
  donuts: output/aos_fam_danish_1_0_wep17_3_0_bin2x_20260418_20260531.parquet (streamed, one row group per visit)
  visits: output/aos_fam_danish_1_0_wep17_3_0_bin2x_20260418_20260531_visits.parquet — 219 rows, 228 columns
