# chunk5.mktable
# 2026-04-20 23:31:40

Pipeline: aos_fam_danish_v1_triplets OCS 20260315-20260409
  Butler: /repo/embargo
  Collections: ['aos_fam_danish_v1_triplets']
  Options: intrinsics=True, mean_zk=False, fp_coords=False, thermal=True
  Output: output/aos_fam_danish_v1_triplets_20260315_20260409.hdf5
Retrieved 15872 visits from ConsDB
Total rows matching ['T278', 'T381', 'T492', 'T539', 'T614', 'T710'] and img_type='cwfs': 1856

Band counts by day_obs:
band_first  u  g  r     i  z  y
day_obs                        
20260315    0  0  0   148  0  0
20260316    0  0  0    70  0  0
20260317    0  0  0   144  0  0
20260324    0  0  0    48  0  0
20260325    0  0  0   184  0  0
20260326    0  0  0    13  0  0
20260327    0  0  0   272  0  0
20260331    0  0  0   193  0  0
20260401    0  0  0   288  0  0
20260402    0  0  0   206  0  0
20260404    0  0  0    98  0  0
20260409    0  0  0   192  0  0
TOTAL       0  0  0  1856  0  0
Warning: Unpaired image at day_obs=20260326, seq_num=446
Warning: Unpaired image at day_obs=20260331, seq_num=580

Found 927 FAM image pairs (keeping second of each pair)
Note: 2 unpaired images were skipped

ConsDB physical_rotator_angle: 687/927 visits
ConsDB physical_rotator_angle: 687 present, 240 missing
Querying Butler visitInfo for 240 visits...
  Got visitInfo for 240/240 visits
Querying EFD rotator positions for 240 visits...
  Got EFD rotator for 240/240 visits

Rotator angle sources: ConsDB=687, EFD=240, visitInfo=240
Flagged (|angle| > 90.0 deg): 0

Generating intrinsic wavefront model...
Generated intrinsic model at 4049 points
Created interpolators for 25 Zernike terms
Initializing Butler with repo=/repo/embargo, collections: ['aos_fam_danish_v1_triplets']

Extracting Zernikes for 927 visits...
DatasetNotFoundError: No data for day_obs=20260317, seq_num=168
DatasetNotFoundError: No data for day_obs=20260317, seq_num=171
DatasetNotFoundError: No data for day_obs=20260317, seq_num=174

============================================================
Extraction Summary:
  Total visits attempted: 927
  Successful extractions: 924
  Failed extractions:     3
  nollIndices: [np.int64(4), np.int64(5), np.int64(6), np.int64(7), np.int64(8), np.int64(9), np.int64(10), np.int64(11), np.int64(12), np.int64(13), np.int64(14), np.int64(15), np.int64(16), np.int64(17), np.int64(18), np.int64(19), np.int64(22), np.int64(23), np.int64(24), np.int64(25), np.int64(26)]
  Total donut measurements: 2311437
============================================================

Data has 21 Zernike terms per donut
Zernike indices used: [4, 5, 6, 7, 8, 9, 10, 11, 12, 13, 14, 15, 16, 17, 18, 19, 22, 23, 24, 25, 26]
Interpolating intrinsic Zernikes for 2311437 measurements...
Added columns: 'zk_intrinsic', 'zk_residual'
Added rotator columns to aosTable. Flagged: 0 (|angle| > 90.0 deg)
Added rotator_angle to visit_info
ConsDB returned 7890 exposure records for obs times
Matched obs times for 924/924 visits
Querying EFD temperatures for 924 visits...
  cam_air_temp: 924/924 valid
  m2_air_temp: 924/924 valid
  m1m3_air_temp: 924/924 valid
  outside_temp: 924/924 valid
  M1M3 gradients day_obs 20260315: 74 visits
  M1M3 gradients day_obs 20260316: 35 visits
  M1M3 gradients day_obs 20260317: 69 visits
  M1M3 gradients day_obs 20260324: 24 visits
  M1M3 gradients day_obs 20260325: 92 visits
  M1M3 gradients day_obs 20260326: 6 visits
  M1M3 gradients day_obs 20260327: 136 visits
  M1M3 gradients day_obs 20260331: 96 visits
  M1M3 gradients day_obs 20260401: 144 visits
  M1M3 gradients day_obs 20260402: 103 visits
  M1M3 gradients day_obs 20260404: 49 visits
  M1M3 gradients day_obs 20260409: 96 visits
Querying TMA truss temperatures...

Thermal data: 13 columns for 924 visits
Added 13 thermal columns to visit_info
Dropped 13 columns: ['zk_NW', 'zk_intrinsic_NW', 'zk_deviation_NW', 'th_N', 'th_W', 'coord_ra_intra', 'coord_ra_extra', 'coord_dec_intra', 'coord_dec_extra', 'th_N_intra', 'th_N_extra', 'th_W_intra', 'th_W_extra']

Saved to output/aos_fam_danish_v1_triplets_20260315_20260409.hdf5:
  donuts: 2311437 rows
  visits: 924 rows

Final aosTable: 2311437 rows, 39 columns
Columns: ['zk_CCS', 'zk_intrinsic_CCS', 'zk_deviation_CCS', 'used', 'detector', 'zk_OCS', 'zk_intrinsic_OCS', 'zk_deviation_OCS', 'coord_ra', 'coord_dec', 'centroid_x', 'centroid_y', 'thx_CCS', 'thy_CCS', 'thx_OCS', 'thy_OCS', 'snr', 'centroid_x_intra', 'centroid_x_extra', 'centroid_y_intra', 'centroid_y_extra', 'thx_CCS_intra', 'thx_CCS_extra', 'thy_CCS_intra', 'thy_CCS_extra', 'thx_OCS_intra', 'thx_OCS_extra', 'thy_OCS_intra', 'thy_OCS_extra', 'snr_intra', 'snr_extra', 'seq_num', 'day_obs', 'blur', 'matched_intra_extra', 'zk_intrinsic', 'zk_residual', 'rotator_angle', 'rotator_flagged']
