# chunk1.movie
# 2026-05-08 18:25:10
# python code/run_dz_plots.py output/aos_fam_danish_v1_triplets_bin_2x_20260315_20260327.parquet output/aos_fam_danish_v1_triplets_bin_2x_20260315_20260327_fits.parquet --coord-sys OCS --no-fit-params --no-trio

WARNING: No table::len::detector found in metadata. Using longest string (7 characters). [astropy.io.misc.parquet]
2026-05-08 18:25:28,994 astroquery _showwarning         WARNING No table::len::detector found in metadata. Using longest string (7 characters).
Loading donuts: output/aos_fam_danish_v1_triplets_bin_2x_20260315_20260327.parquet
  1055626 donuts
Loading fits: output/aos_fam_danish_v1_triplets_bin_2x_20260315_20260327_fits.parquet
  408 visits
Noll indices (21 terms): [4, 5, 6, 7, 8, 9, 10, 11, 12, 13, 14, 15, 16, 17, 18, 19, 22, 23, 24, 25, 26]
Matched donuts (1055626/1055626): 1055626
Per-visit quality filter: kept 1009981/1055626 donuts (408 visits)

Reconstructing per-donut fit arrays...
Reconstructed zk_fit_z1toz3: 1009981 donuts, 408 images, 21 Zernikes
Reconstructed zk_fit_z1toz6: 1009981 donuts, 408 images, 21 Zernikes

============================================================
Single-image residual maps
============================================================
Generating residual maps for 408 visits...
  ...processed 50/408 visits
  ...processed 100/408 visits
  ...processed 150/408 visits
  ...processed 200/408 visits
  ...processed 250/408 visits
  ...processed 300/408 visits
  ...processed 350/408 visits
  ...processed 400/408 visits
Generated 408 residual map frames
Saved movie: output/aos_fam_danish_v1_triplets_bin_2x_20260315_20260327/single_image_residuals.mp4
Cleaned up 408 JPEGs

Done.
