# chunk5.movie
# 2026-05-14 19:46:33
# python code/run_dz_plots.py output/aos_fam_danish_v1_triplets_bin_2x_20260418_20260430.parquet output/aos_fam_danish_v1_triplets_bin_2x_20260418_20260430_fits.parquet --coord-sys OCS --no-fit-params --no-trio

WARNING: No table::len::detector found in metadata. Using longest string (7 characters). [astropy.io.misc.parquet]
2026-05-14 19:46:50,415 astroquery _showwarning         WARNING No table::len::detector found in metadata. Using longest string (7 characters).
WARNING: No table::len::extra_donut_id found in metadata. Using longest string (21 characters). [astropy.io.misc.parquet]
2026-05-14 19:46:50,668 astroquery _showwarning         WARNING No table::len::extra_donut_id found in metadata. Using longest string (21 characters).
WARNING: No table::len::intra_donut_id found in metadata. Using longest string (21 characters). [astropy.io.misc.parquet]
2026-05-14 19:46:50,917 astroquery _showwarning         WARNING No table::len::intra_donut_id found in metadata. Using longest string (21 characters).
WARNING: No table::len::donut_id_intra found in metadata. Using longest string (21 characters). [astropy.io.misc.parquet]
2026-05-14 19:46:51,173 astroquery _showwarning         WARNING No table::len::donut_id_intra found in metadata. Using longest string (21 characters).
WARNING: No table::len::donut_id_extra found in metadata. Using longest string (21 characters). [astropy.io.misc.parquet]
2026-05-14 19:46:51,422 astroquery _showwarning         WARNING No table::len::donut_id_extra found in metadata. Using longest string (21 characters).
Loading donuts: output/aos_fam_danish_v1_triplets_bin_2x_20260418_20260430.parquet
  359416 donuts
Loading fits: output/aos_fam_danish_v1_triplets_bin_2x_20260418_20260430_fits.parquet
  152 visits
Noll indices (21 terms): [4, 5, 6, 7, 8, 9, 10, 11, 12, 13, 14, 15, 16, 17, 18, 19, 22, 23, 24, 25, 26]
Matched donuts (359416/359416): 359416
Per-visit quality filter: kept 359416/359416 donuts (152 visits)

Reconstructing per-donut fit arrays...
Reconstructed zk_fit_z1toz3: 359416 donuts, 152 images, 21 Zernikes
Reconstructed zk_fit_z1toz6: 359416 donuts, 152 images, 21 Zernikes

============================================================
Single-image residual maps
============================================================
Generating residual maps for 152 visits...
  ...processed 50/152 visits
  ...processed 100/152 visits
  ...processed 150/152 visits
Generated 152 residual map frames
Saved movie: output/aos_fam_danish_v1_triplets_bin_2x_20260418_20260430/single_image_residuals.mp4
Cleaned up 152 JPEGs

Done.
