# chunk4.movie
# 2026-05-10 15:10:17
# python code/run_dz_plots.py output/aos_fam_danish_v1_triplets_bin_1x_20260331_20260409.parquet output/aos_fam_danish_v1_triplets_bin_1x_20260331_20260409_fits.parquet --coord-sys OCS --no-fit-params --no-trio

WARNING: No table::len::detector found in metadata. Using longest string (7 characters). [astropy.io.misc.parquet]
2026-05-10 15:10:38,600 astroquery _showwarning         WARNING No table::len::detector found in metadata. Using longest string (7 characters).
WARNING: No table::len::extra_donut_id found in metadata. Using longest string (21 characters). [astropy.io.misc.parquet]
2026-05-10 15:10:39,372 astroquery _showwarning         WARNING No table::len::extra_donut_id found in metadata. Using longest string (21 characters).
WARNING: No table::len::intra_donut_id found in metadata. Using longest string (21 characters). [astropy.io.misc.parquet]
2026-05-10 15:10:40,152 astroquery _showwarning         WARNING No table::len::intra_donut_id found in metadata. Using longest string (21 characters).
WARNING: No table::len::donut_id_intra found in metadata. Using longest string (21 characters). [astropy.io.misc.parquet]
2026-05-10 15:10:40,943 astroquery _showwarning         WARNING No table::len::donut_id_intra found in metadata. Using longest string (21 characters).
WARNING: No table::len::donut_id_extra found in metadata. Using longest string (21 characters). [astropy.io.misc.parquet]
2026-05-10 15:10:41,728 astroquery _showwarning         WARNING No table::len::donut_id_extra found in metadata. Using longest string (21 characters).
Loading donuts: output/aos_fam_danish_v1_triplets_bin_1x_20260331_20260409.parquet
  1093199 donuts
Loading fits: output/aos_fam_danish_v1_triplets_bin_1x_20260331_20260409_fits.parquet
  426 visits
Noll indices (21 terms): [4, 5, 6, 7, 8, 9, 10, 11, 12, 13, 14, 15, 16, 17, 18, 19, 22, 23, 24, 25, 26]
Matched donuts (1093199/1093199): 1093199
Per-visit quality filter: kept 1060592/1093199 donuts (426 visits)

Reconstructing per-donut fit arrays...
Reconstructed zk_fit_z1toz3: 1060592 donuts, 426 images, 21 Zernikes
Reconstructed zk_fit_z1toz6: 1060592 donuts, 426 images, 21 Zernikes

============================================================
Single-image residual maps
============================================================
Generating residual maps for 426 visits...
  ...processed 50/426 visits
  ...processed 100/426 visits
  ...processed 150/426 visits
  ...processed 200/426 visits
  ...processed 250/426 visits
  ...processed 300/426 visits
  ...processed 350/426 visits
  ...processed 400/426 visits
Generated 426 residual map frames
Saved movie: output/aos_fam_danish_v1_triplets_bin_1x_20260331_20260409/single_image_residuals.mp4
Cleaned up 426 JPEGs

Done.
