# chunk6.mktable
# 2026-04-23 08:52:33

Pipeline: aos_fam_danish_triplets OCS 20260315-20260409
  Butler: /repo/embargo
  Collections: ['aos_fam_danish_triplets']
  Options: intrinsics=True, mean_zk=False, fp_coords=False, thermal=True
  Output: output/aos_fam_danish_triplets_20260315_20260409.parquet
Retrieved 15872 visits from ConsDB
Total rows matching ['T278', 'T381', 'T492', 'T539', 'T614'] and img_type='cwfs': 1790

Band counts by day_obs:
band_first  u  g  r     i  z  y
day_obs                        
20260315    0  0  0   148  0  0
20260316    0  0  0    70  0  0
20260317    0  0  0   144  0  0
20260324    0  0  0    48  0  0
20260325    0  0  0   148  0  0
20260326    0  0  0    13  0  0
20260327    0  0  0   242  0  0
20260331    0  0  0   193  0  0
20260401    0  0  0   288  0  0
20260402    0  0  0   206  0  0
20260404    0  0  0    98  0  0
20260409    0  0  0   192  0  0
TOTAL       0  0  0  1790  0  0
Warning: Unpaired image at day_obs=20260326, seq_num=446
Warning: Unpaired image at day_obs=20260331, seq_num=580

Found 894 FAM image pairs (keeping second of each pair)
Note: 2 unpaired images were skipped

ConsDB physical_rotator_angle: 654/894 visits
ConsDB physical_rotator_angle: 654 present, 240 missing
  Missing from ConsDB — falling back to EFD, then Butler visitInfo:
    day_obs=20260331: 96/96 visits missing
    day_obs=20260401: 144/144 visits missing
  First 20 missing (day_obs, seq_num):
    20260331 238
    20260331 241
    20260331 244
    20260331 247
    20260331 250
    20260331 253
    20260331 256
    20260331 259
    20260331 262
    20260331 265
    20260331 268
    20260331 271
    20260331 274
    20260331 277
    20260331 280
    20260331 283
    20260331 286
    20260331 289
    20260331 292
    20260331 295
    ... and 220 more
Querying EFD rotator positions for 240 visits...
  Got EFD rotator for 240/240 visits
  EFD filled all 240 ConsDB-missing visits — skipping Butler visitInfo queries

Rotator angle sources: ConsDB=654, EFD=240, visitInfo=0
Flagged (|angle| > 90.0 deg): 0
Warning: calc_intrinsics=True is no longer supported in the streaming pipeline (intrinsics are read from Butler metadata). Ignoring the flag.
Initializing Butler with repo=/repo/embargo, collections: ['aos_fam_danish_triplets']

Streaming Zernikes for 894 visits to output/aos_fam_danish_triplets_20260315_20260409.parquet...
DatasetNotFoundError: No data for day_obs=20260317, seq_num=168
DatasetNotFoundError: No data for day_obs=20260317, seq_num=171
DatasetNotFoundError: No data for day_obs=20260317, seq_num=174

============================================================
Extraction Summary:
  Total visits attempted: 894
  Successful extractions: 891
  Failed extractions:     3
  nollIndices: [np.int64(4), np.int64(5), np.int64(6), np.int64(7), np.int64(8), np.int64(9), np.int64(10), np.int64(11), np.int64(12), np.int64(13), np.int64(14), np.int64(15), np.int64(16), np.int64(17), np.int64(18), np.int64(19), np.int64(22), np.int64(23), np.int64(24), np.int64(25), np.int64(26)]
  Total donut measurements: 2238756
============================================================

Added rotator columns to visit_info. Flagged: 0 (|angle| > 90.0 deg)
ConsDB returned 7890 exposure records for obs times
Matched obs times for 891/891 visits
Querying EFD temperatures for 891 visits...
  cam_air_temp: 891/891 valid
  m2_air_temp: 891/891 valid
  m1m3_air_temp: 891/891 valid
  outside_temp: 891/891 valid
  M1M3 gradients day_obs 20260315: 74 visits
  M1M3 gradients day_obs 20260316: 35 visits
  M1M3 gradients day_obs 20260317: 69 visits
  M1M3 gradients day_obs 20260324: 24 visits
  M1M3 gradients day_obs 20260325: 74 visits
  M1M3 gradients day_obs 20260326: 6 visits
  M1M3 gradients day_obs 20260327: 121 visits
  M1M3 gradients day_obs 20260331: 96 visits
  M1M3 gradients day_obs 20260401: 144 visits
  M1M3 gradients day_obs 20260402: 103 visits
  M1M3 gradients day_obs 20260404: 49 visits
  M1M3 gradients day_obs 20260409: 96 visits
Querying TMA truss temperatures...

Thermal data: 13 columns for 891 visits
Added 13 thermal columns to visit_info

Saved:
  donuts: output/aos_fam_danish_triplets_20260315_20260409.parquet (streamed, one row group per visit)
  visits: output/aos_fam_danish_triplets_20260315_20260409_visits.parquet — 891 rows, 26 columns
