# chunk9.movie
# 2026-06-04 23:16:00
# python code/run_dz_plots.py output/aos_fam_danish_1_0_wep17_3_0_bin2x_20260418_20260531.parquet output/aos_fam_danish_1_0_wep17_3_0_bin2x_20260418_20260531_fits.parquet --coord-sys OCS --no-fit-params --no-trio

WARNING: No table::len::detector found in metadata. Using longest string (7 characters). [astropy.io.misc.parquet]
2026-06-04 23:16:17,825 astroquery _showwarning         WARNING No table::len::detector found in metadata. Using longest string (7 characters).
WARNING: No table::len::extra_donut_id found in metadata. Using longest string (21 characters). [astropy.io.misc.parquet]
2026-06-04 23:16:18,219 astroquery _showwarning         WARNING No table::len::extra_donut_id found in metadata. Using longest string (21 characters).
WARNING: No table::len::intra_donut_id found in metadata. Using longest string (21 characters). [astropy.io.misc.parquet]
2026-06-04 23:16:18,613 astroquery _showwarning         WARNING No table::len::intra_donut_id found in metadata. Using longest string (21 characters).
WARNING: No table::len::donut_id_intra found in metadata. Using longest string (21 characters). [astropy.io.misc.parquet]
2026-06-04 23:16:19,010 astroquery _showwarning         WARNING No table::len::donut_id_intra found in metadata. Using longest string (21 characters).
WARNING: No table::len::donut_id_extra found in metadata. Using longest string (21 characters). [astropy.io.misc.parquet]
2026-06-04 23:16:19,410 astroquery _showwarning         WARNING No table::len::donut_id_extra found in metadata. Using longest string (21 characters).
Loading donuts: output/aos_fam_danish_1_0_wep17_3_0_bin2x_20260418_20260531.parquet
  532723 donuts
Loading fits: output/aos_fam_danish_1_0_wep17_3_0_bin2x_20260418_20260531_fits.parquet
  219 visits
Noll indices (21 terms): [4, 5, 6, 7, 8, 9, 10, 11, 12, 13, 14, 15, 16, 17, 18, 19, 22, 23, 24, 25, 26]
Matched donuts (532723/532723): 532723
Per-visit quality filter: kept 532723/532723 donuts (219 visits)

Reconstructing per-donut fit arrays...
Reconstructed zk_fit_z1toz3: 532723 donuts, 219 images, 21 Zernikes
Reconstructed zk_fit_z1toz6: 532723 donuts, 219 images, 21 Zernikes

============================================================
Single-image residual maps
============================================================
Generating residual maps for 219 visits...
  ...processed 50/219 visits
  ...processed 100/219 visits
  ...processed 150/219 visits
  ...processed 200/219 visits
Generated 219 residual map frames
Saved movie: output/aos_fam_danish_1_0_wep17_3_0_bin2x_20260418_20260531/single_image_residuals.mp4
Cleaned up 219 JPEGs

Done.
