# chunk8.movie
# 2026-06-04 21:57:37
# python code/run_dz_plots.py output/aos_fam_danish_1_0_wep17_3_0_bin2x_20260331_20260409.parquet output/aos_fam_danish_1_0_wep17_3_0_bin2x_20260331_20260409_fits.parquet --coord-sys OCS --no-fit-params --no-trio

WARNING: No table::len::detector found in metadata. Using longest string (7 characters). [astropy.io.misc.parquet]
2026-06-04 21:57:57,218 astroquery _showwarning         WARNING No table::len::detector found in metadata. Using longest string (7 characters).
WARNING: No table::len::extra_donut_id found in metadata. Using longest string (21 characters). [astropy.io.misc.parquet]
2026-06-04 21:57:58,079 astroquery _showwarning         WARNING No table::len::extra_donut_id found in metadata. Using longest string (21 characters).
WARNING: No table::len::intra_donut_id found in metadata. Using longest string (21 characters). [astropy.io.misc.parquet]
2026-06-04 21:57:58,950 astroquery _showwarning         WARNING No table::len::intra_donut_id found in metadata. Using longest string (21 characters).
WARNING: No table::len::donut_id_intra found in metadata. Using longest string (21 characters). [astropy.io.misc.parquet]
2026-06-04 21:57:59,803 astroquery _showwarning         WARNING No table::len::donut_id_intra found in metadata. Using longest string (21 characters).
WARNING: No table::len::donut_id_extra found in metadata. Using longest string (21 characters). [astropy.io.misc.parquet]
2026-06-04 21:58:00,685 astroquery _showwarning         WARNING No table::len::donut_id_extra found in metadata. Using longest string (21 characters).
Loading donuts: output/aos_fam_danish_1_0_wep17_3_0_bin2x_20260331_20260409.parquet
  1190782 donuts
Loading fits: output/aos_fam_danish_1_0_wep17_3_0_bin2x_20260331_20260409_fits.parquet
  473 visits
Noll indices (21 terms): [4, 5, 6, 7, 8, 9, 10, 11, 12, 13, 14, 15, 16, 17, 18, 19, 22, 23, 24, 25, 26]
Matched donuts (1190782/1190782): 1190782
Per-visit quality filter: kept 1173146/1190782 donuts (473 visits)

Reconstructing per-donut fit arrays...
Reconstructed zk_fit_z1toz3: 1173146 donuts, 473 images, 21 Zernikes
Reconstructed zk_fit_z1toz6: 1173146 donuts, 473 images, 21 Zernikes

============================================================
Single-image residual maps
============================================================
Generating residual maps for 473 visits...
  ...processed 50/473 visits
  ...processed 100/473 visits
  ...processed 150/473 visits
  ...processed 200/473 visits
  ...processed 250/473 visits
  ...processed 300/473 visits
  ...processed 350/473 visits
  ...processed 400/473 visits
  ...processed 450/473 visits
Generated 473 residual map frames
Saved movie: output/aos_fam_danish_1_0_wep17_3_0_bin2x_20260331_20260409/single_image_residuals.mp4
Cleaned up 473 JPEGs

Done.
