# chunk6.movie
# 2026-05-10 14:25:13
# python code/run_dz_plots.py output/aos_fam_danish_v1_triplets_bin_1x_20260418_20260430.parquet output/aos_fam_danish_v1_triplets_bin_1x_20260418_20260430_fits.parquet --coord-sys OCS --no-fit-params --no-trio

WARNING: No table::len::detector found in metadata. Using longest string (7 characters). [astropy.io.misc.parquet]
2026-05-10 14:25:31,424 astroquery _showwarning         WARNING No table::len::detector found in metadata. Using longest string (7 characters).
WARNING: No table::len::extra_donut_id found in metadata. Using longest string (21 characters). [astropy.io.misc.parquet]
2026-05-10 14:25:31,653 astroquery _showwarning         WARNING No table::len::extra_donut_id found in metadata. Using longest string (21 characters).
WARNING: No table::len::intra_donut_id found in metadata. Using longest string (21 characters). [astropy.io.misc.parquet]
2026-05-10 14:25:31,876 astroquery _showwarning         WARNING No table::len::intra_donut_id found in metadata. Using longest string (21 characters).
WARNING: No table::len::donut_id_intra found in metadata. Using longest string (21 characters). [astropy.io.misc.parquet]
2026-05-10 14:25:32,105 astroquery _showwarning         WARNING No table::len::donut_id_intra found in metadata. Using longest string (21 characters).
WARNING: No table::len::donut_id_extra found in metadata. Using longest string (21 characters). [astropy.io.misc.parquet]
2026-05-10 14:25:32,333 astroquery _showwarning         WARNING No table::len::donut_id_extra found in metadata. Using longest string (21 characters).
Loading donuts: output/aos_fam_danish_v1_triplets_bin_1x_20260418_20260430.parquet
  300660 donuts
Loading fits: output/aos_fam_danish_v1_triplets_bin_1x_20260418_20260430_fits.parquet
  122 visits
Noll indices (21 terms): [4, 5, 6, 7, 8, 9, 10, 11, 12, 13, 14, 15, 16, 17, 18, 19, 22, 23, 24, 25, 26]
Matched donuts (300660/300660): 300660
Per-visit quality filter: kept 298306/300660 donuts (122 visits)

Reconstructing per-donut fit arrays...
Reconstructed zk_fit_z1toz3: 298306 donuts, 122 images, 21 Zernikes
Reconstructed zk_fit_z1toz6: 298306 donuts, 122 images, 21 Zernikes

============================================================
Single-image residual maps
============================================================
Generating residual maps for 122 visits...
  ...processed 50/122 visits
  ...processed 100/122 visits
Generated 122 residual map frames
Saved movie: output/aos_fam_danish_v1_triplets_bin_1x_20260418_20260430/single_image_residuals.mp4
Cleaned up 122 JPEGs

Done.
