# chunk8.plots
# 2026-06-04 21:51:13
# python code/run_dz_plots.py output/aos_fam_danish_1_0_wep17_3_0_bin2x_20260331_20260409.parquet output/aos_fam_danish_1_0_wep17_3_0_bin2x_20260331_20260409_fits.parquet --coord-sys OCS --no-single-image

WARNING: No table::len::detector found in metadata. Using longest string (7 characters). [astropy.io.misc.parquet]
2026-06-04 21:51:35,210 astroquery _showwarning         WARNING No table::len::detector found in metadata. Using longest string (7 characters).
WARNING: No table::len::extra_donut_id found in metadata. Using longest string (21 characters). [astropy.io.misc.parquet]
2026-06-04 21:51:36,080 astroquery _showwarning         WARNING No table::len::extra_donut_id found in metadata. Using longest string (21 characters).
WARNING: No table::len::intra_donut_id found in metadata. Using longest string (21 characters). [astropy.io.misc.parquet]
2026-06-04 21:51:36,918 astroquery _showwarning         WARNING No table::len::intra_donut_id found in metadata. Using longest string (21 characters).
WARNING: No table::len::donut_id_intra found in metadata. Using longest string (21 characters). [astropy.io.misc.parquet]
2026-06-04 21:51:37,776 astroquery _showwarning         WARNING No table::len::donut_id_intra found in metadata. Using longest string (21 characters).
WARNING: No table::len::donut_id_extra found in metadata. Using longest string (21 characters). [astropy.io.misc.parquet]
2026-06-04 21:51:38,614 astroquery _showwarning         WARNING No table::len::donut_id_extra found in metadata. Using longest string (21 characters).
Loading donuts: output/aos_fam_danish_1_0_wep17_3_0_bin2x_20260331_20260409.parquet
  1190782 donuts
Loading fits: output/aos_fam_danish_1_0_wep17_3_0_bin2x_20260331_20260409_fits.parquet
  473 visits
Noll indices (21 terms): [4, 5, 6, 7, 8, 9, 10, 11, 12, 13, 14, 15, 16, 17, 18, 19, 22, 23, 24, 25, 26]
Matched donuts (1190782/1190782): 1190782
Per-visit quality filter: kept 1173146/1190782 donuts (473 visits)

Reconstructing per-donut fit arrays...
Reconstructed zk_fit_z1toz3: 1173146 donuts, 473 images, 21 Zernikes
Reconstructed zk_fit_z1toz6: 1173146 donuts, 473 images, 21 Zernikes

============================================================
Fit parameter plots (z1toz6)
============================================================
  Excluded 3 non-block FAM visits
Saved: output/aos_fam_danish_1_0_wep17_3_0_bin2x_20260331_20260409/fit_params_resid_z1toz6_all.pdf

============================================================
Trio comparison plots
============================================================
Z4: Data σ=0.09, Model σ=0.06, Resid σ=0.07 μm
Z5: Data σ=0.21, Model σ=0.07, Resid σ=0.23 μm
Z6: Data σ=0.22, Model σ=0.07, Resid σ=0.23 μm
Z7: Data σ=0.18, Model σ=0.02, Resid σ=0.17 μm
Z8: Data σ=0.16, Model σ=0.02, Resid σ=0.15 μm
Z9: Data σ=0.12, Model σ=0.06, Resid σ=0.12 μm
Z10: Data σ=0.13, Model σ=0.05, Resid σ=0.13 μm
Z11: Data σ=0.04, Model σ=0.03, Resid σ=0.02 μm
Z12: Data σ=0.06, Model σ=0.01, Resid σ=0.05 μm
Z13: Data σ=0.05, Model σ=0.01, Resid σ=0.05 μm
Z14: Data σ=0.06, Model σ=0.00, Resid σ=0.06 μm
Z15: Data σ=0.05, Model σ=0.00, Resid σ=0.05 μm
Z16: Data σ=0.03, Model σ=0.01, Resid σ=0.03 μm
Z17: Data σ=0.04, Model σ=0.01, Resid σ=0.04 μm
Z18: Data σ=0.03, Model σ=0.01, Resid σ=0.02 μm
Z19: Data σ=0.02, Model σ=0.01, Resid σ=0.02 μm
Z22: Data σ=0.01, Model σ=0.00, Resid σ=0.01 μm
Z23: Data σ=0.02, Model σ=0.01, Resid σ=0.02 μm
Z24: Data σ=0.02, Model σ=0.01, Resid σ=0.02 μm
Z25: Data σ=0.02, Model σ=0.00, Resid σ=0.02 μm
Z26: Data σ=0.02, Model σ=0.00, Resid σ=0.02 μm
Saved: output/aos_fam_danish_1_0_wep17_3_0_bin2x_20260331_20260409/trio_comparison_all.pdf
Z4: Data σ=0.07, Model σ=0.06, Resid σ=0.05 μm
Z5: Data σ=0.20, Model σ=0.07, Resid σ=0.20 μm
Z6: Data σ=0.21, Model σ=0.07, Resid σ=0.21 μm
Z7: Data σ=0.17, Model σ=0.02, Resid σ=0.16 μm
Z8: Data σ=0.15, Model σ=0.02, Resid σ=0.14 μm
Z9: Data σ=0.11, Model σ=0.06, Resid σ=0.11 μm
Z10: Data σ=0.11, Model σ=0.05, Resid σ=0.11 μm
Z11: Data σ=0.04, Model σ=0.03, Resid σ=0.02 μm
Z12: Data σ=0.05, Model σ=0.01, Resid σ=0.05 μm
Z13: Data σ=0.05, Model σ=0.01, Resid σ=0.05 μm
Z14: Data σ=0.06, Model σ=0.00, Resid σ=0.06 μm
Z15: Data σ=0.05, Model σ=0.00, Resid σ=0.05 μm
Z16: Data σ=0.03, Model σ=0.01, Resid σ=0.03 μm
Z17: Data σ=0.03, Model σ=0.01, Resid σ=0.03 μm
Z18: Data σ=0.02, Model σ=0.01, Resid σ=0.02 μm
Z19: Data σ=0.02, Model σ=0.01, Resid σ=0.02 μm
Z22: Data σ=0.01, Model σ=0.00, Resid σ=0.01 μm
Z23: Data σ=0.02, Model σ=0.01, Resid σ=0.01 μm
Z24: Data σ=0.02, Model σ=0.01, Resid σ=0.02 μm
Z25: Data σ=0.01, Model σ=0.00, Resid σ=0.01 μm
Z26: Data σ=0.02, Model σ=0.00, Resid σ=0.02 μm
Saved: output/aos_fam_danish_1_0_wep17_3_0_bin2x_20260331_20260409/trio_comparison_k1to6_all.pdf

Done.
