# chunk3.movie
# 2026-05-08 18:38:00
# python code/run_dz_plots.py output/aos_fam_danish_v1_triplets_bin_2x_20260331_20260409.parquet output/aos_fam_danish_v1_triplets_bin_2x_20260331_20260409_fits.parquet --coord-sys OCS --no-fit-params --no-trio

WARNING: No table::len::detector found in metadata. Using longest string (7 characters). [astropy.io.misc.parquet]
2026-05-08 18:38:20,471 astroquery _showwarning         WARNING No table::len::detector found in metadata. Using longest string (7 characters).
Loading donuts: output/aos_fam_danish_v1_triplets_bin_2x_20260331_20260409.parquet
  1225808 donuts
Loading fits: output/aos_fam_danish_v1_triplets_bin_2x_20260331_20260409_fits.parquet
  476 visits
Noll indices (21 terms): [4, 5, 6, 7, 8, 9, 10, 11, 12, 13, 14, 15, 16, 17, 18, 19, 22, 23, 24, 25, 26]
Matched donuts (1225808/1225808): 1225808
Per-visit quality filter: kept 1196345/1225808 donuts (476 visits)

Reconstructing per-donut fit arrays...
Reconstructed zk_fit_z1toz3: 1196345 donuts, 476 images, 21 Zernikes
Reconstructed zk_fit_z1toz6: 1196345 donuts, 476 images, 21 Zernikes

============================================================
Single-image residual maps
============================================================
Generating residual maps for 476 visits...
  ...processed 50/476 visits
  ...processed 100/476 visits
  ...processed 150/476 visits
  ...processed 200/476 visits
  ...processed 250/476 visits
  ...processed 300/476 visits
  ...processed 350/476 visits
  ...processed 400/476 visits
  ...processed 450/476 visits
Generated 476 residual map frames
Saved movie: output/aos_fam_danish_v1_triplets_bin_2x_20260331_20260409/single_image_residuals.mp4
Cleaned up 476 JPEGs

Done.
