[2026-04-12 00:22:34] [DRY RUN] chunk1.mktable: python code/run_mktable.py --param-set 4 --day-obs-min 20260315 --day-obs-max 20260317 --calc-intrinsics
[2026-04-12 00:22:34] [DRY RUN] chunk2.mktable: python code/run_mktable.py --param-set 4 --day-obs-min 20260318 --day-obs-max 20260320 --calc-intrinsics
[2026-04-12 00:22:34] [DRY RUN] chunk3.mktable: python code/run_mktable.py --param-set 4 --day-obs-min 20260321 --day-obs-max 20260323 --calc-intrinsics
[2026-04-12 00:30:30] [DRY RUN] chunk1.mktable: python code/run_mktable.py --butler-repo /repo/embargo --collections aos_fam_danish_triplets --programs T278 T381 T492 T539 T614 --day-obs-min 20260315 --day-obs-max 20260317 --calc-intrinsics
[2026-04-12 00:30:30] [DRY RUN] chunk2.mktable: python code/run_mktable.py --butler-repo /repo/embargo --collections aos_fam_danish_triplets --programs T278 T381 T492 T539 T614 --day-obs-min 20260318 --day-obs-max 20260320 --calc-intrinsics
[2026-04-12 00:30:30] [DRY RUN] chunk3.mktable: python code/run_mktable.py --butler-repo /repo/embargo --collections aos_fam_danish_triplets --programs T278 T381 T492 T539 T614 --day-obs-min 20260321 --day-obs-max 20260323 --calc-intrinsics
[2026-04-12 00:30:43] [DRY RUN] chunk1.mktable: python code/run_mktable.py --param-set fam_danish_triplets --day-obs-min 20260315 --day-obs-max 20260317 --calc-intrinsics
[2026-04-12 00:30:43] [DRY RUN] chunk2.mktable: python code/run_mktable.py --param-set fam_danish_triplets --day-obs-min 20260318 --day-obs-max 20260320 --calc-intrinsics
[2026-04-12 00:30:43] [DRY RUN] chunk3.mktable: python code/run_mktable.py --param-set fam_danish_triplets --day-obs-min 20260321 --day-obs-max 20260323 --calc-intrinsics
[2026-04-12 00:30:47] [DRY RUN] chunk1.fit: python code/run_dz_fit.py output/aos_fam_danish_triplets_20260315_20260317.hdf5 --coord-sys OCS
[2026-04-12 00:30:50] [DRY RUN] chunk1.plots: python code/run_dz_plots.py output/aos_fam_danish_triplets_20260315_20260317.hdf5 output/aos_fam_danish_triplets_20260315_20260317_fits.parquet --coord-sys OCS
[2026-04-20 21:30:18] chunk4.mktable: DONE (65s) — log: /home/r/roodman/notebooks/rubin-work/aos/logs/chunk4_mktable.log
[2026-04-20 23:31:40] chunk5.mktable: DONE (6023s) — log: /home/r/roodman/notebooks/rubin-work/aos/logs/chunk5_mktable.log
[2026-04-20 23:31:40] git_sync: skipped (CalledProcessError: Command '['git', 'commit', '-m', 'chunk5.mktable: done (6023s)']' returned non-zero exit status 128.)
[2026-04-21 06:06:30] chunk5.mktable: FAILED (317s) — Cannot convert a table with multidimensional columns to a pandas-like or pyarrow DataFrame. Offending columns are: ['zk_CCS', 'zk_intrinsic_CCS', 'zk_deviation_CCS', 'zk_OCS', 'zk_intrinsic_OCS', 'zk_deviation_OCS']
One can filter out such columns using:
names = [name for name in tbl.colnames if len(tbl[name].shape) <= 1]
tbl[names].to_pandas(...)
[2026-04-21 08:57:18] chunk5.mktable: DONE (7420s) — log: /home/r/roodman/notebooks/rubin-work/aos/logs/chunk5_mktable.log
[2026-04-21 17:25:49] chunk5.fit: DONE (468s) — log: /home/r/roodman/notebooks/rubin-work/aos/logs/chunk5_fit.log
[2026-04-21 20:27:46] chunk5.plots: FAILED (18s) — plots exited with 1
[2026-04-21 22:59:44] chunk5.plots: DONE (7739s) — log: /home/r/roodman/notebooks/rubin-work/aos/logs/chunk5_plots.log
[2026-04-23 08:52:33] chunk6.mktable: DONE (4978s) — log: /home/r/roodman/notebooks/rubin-work/aos/logs/chunk6_mktable.log
[2026-04-23 15:58:52] chunk6.fit: DONE (460s) — log: /home/r/roodman/notebooks/rubin-work/aos/logs/chunk6_fit.log
[2026-04-24 22:41:57] chunk7.mktable: DONE (185s) — log: /home/r/roodman/notebooks/rubin-work/aos/logs/chunk7_mktable.log
[2026-04-27 06:23:42] chunk7.mktable: DONE (228s) — log: /home/r/roodman/notebooks/rubin-work/aos/logs/chunk7_mktable.log
[2026-04-27 07:00:17] chunk8.mktable: FAILED (0s) — run_mktable() missing 2 required positional arguments: 'butler_repo' and 'fam_collections'
[2026-04-27 07:12:47] chunk8.mktable: DONE (339s) — log: /home/r/roodman/notebooks/rubin-work/aos/logs/chunk8_mktable.log
[2026-04-27 07:35:59] chunk8.fit: DONE (18s) — log: /home/r/roodman/notebooks/rubin-work/aos/logs/chunk8_fit.log
[2026-04-27 07:37:27] chunk7.fit: DONE (14s) — log: /home/r/roodman/notebooks/rubin-work/aos/logs/chunk7_fit.log
[2026-04-27 07:40:03] chunk7.plots: DONE (112s) — log: /home/r/roodman/notebooks/rubin-work/aos/logs/chunk7_plots.log
[2026-04-27 07:46:55] chunk8.plots: DONE (135s) — log: /home/r/roodman/notebooks/rubin-work/aos/logs/chunk8_plots.log
[2026-04-27 08:08:43] chunk7.mktable: DONE (237s) — log: /home/r/roodman/notebooks/rubin-work/aos/logs/chunk7_mktable.log
[2026-04-27 08:12:19] chunk7.fit: DONE (14s) — log: /home/r/roodman/notebooks/rubin-work/aos/logs/chunk7_fit.log
[2026-04-27 08:20:55] chunk7.plots: DONE (113s) — log: /home/r/roodman/notebooks/rubin-work/aos/logs/chunk7_plots.log
[2026-04-27 08:34:51] chunk8.mktable: DONE (765s) — log: /home/r/roodman/notebooks/rubin-work/aos/logs/chunk8_mktable.log
[2026-04-27 08:36:41] chunk8.fit: DONE (49s) — log: /home/r/roodman/notebooks/rubin-work/aos/logs/chunk8_fit.log
[2026-04-27 08:45:21] chunk8.plots: DONE (314s) — log: /home/r/roodman/notebooks/rubin-work/aos/logs/chunk8_plots.log
[2026-04-27 14:07:21] [DRY RUN] chunk5.movie: python code/run_dz_plots.py output/aos_fam_danish_v1_triplets_20260315_20260409.parquet output/aos_fam_danish_v1_triplets_20260315_20260409_fits.parquet --coord-sys OCS --no-fit-params --no-trio
[2026-04-27 14:07:24] [DRY RUN] chunk6.plots: python code/run_dz_plots.py output/aos_fam_danish_triplets_20260315_20260409.parquet output/aos_fam_danish_triplets_20260315_20260409_fits.parquet --coord-sys OCS --no-single-image
[2026-04-27 16:37:02] chunk5.plots: FAILED (73s) — plots exited with -15
[2026-04-27 18:48:43] chunk5.plots: DONE (7805s) — log: /home/r/roodman/notebooks/rubin-work/aos/logs/chunk5_plots.log
[2026-05-05 17:07:54] chunk7.mktable: DONE (799s) — log: /home/r/roodman/notebooks/rubin-work/aos/logs/chunk7_mktable.log
[2026-05-05 17:09:03] chunk7.fit: DONE (66s) — log: /home/r/roodman/notebooks/rubin-work/aos/logs/chunk7_fit.log
[2026-05-05 17:10:54] chunk7.plots: DONE (108s) — log: /home/r/roodman/notebooks/rubin-work/aos/logs/chunk7_plots.log
[2026-05-05 17:16:35] chunk7.movie: DONE (339s) — log: /home/r/roodman/notebooks/rubin-work/aos/logs/chunk7_movie.log
[2026-05-06 22:34:20] chunk7.mktable: FAILED (0s) — Can only use .str accessor with string values!
[2026-05-06 22:35:26] chunk7.fit: DONE (64s) — log: /home/r/roodman/notebooks/rubin-work/aos/logs/chunk7_fit.log
[2026-05-06 22:37:18] chunk7.plots: DONE (109s) — log: /home/r/roodman/notebooks/rubin-work/aos/logs/chunk7_plots.log
[2026-05-06 22:42:50] chunk7.movie: DONE (330s) — log: /home/r/roodman/notebooks/rubin-work/aos/logs/chunk7_movie.log
[2026-05-07 02:42:49] chunk7.mktable: DONE (800s) — log: /home/r/roodman/notebooks/rubin-work/aos/logs/chunk7_mktable.log
[2026-05-07 02:43:57] chunk7.fit: DONE (66s) — log: /home/r/roodman/notebooks/rubin-work/aos/logs/chunk7_fit.log
[2026-05-07 02:45:46] chunk7.plots: DONE (107s) — log: /home/r/roodman/notebooks/rubin-work/aos/logs/chunk7_plots.log
[2026-05-07 02:51:19] chunk7.movie: DONE (330s) — log: /home/r/roodman/notebooks/rubin-work/aos/logs/chunk7_movie.log
[2026-05-07 16:35:54] chunk1.mktable: DONE (2308s) — log: /home/r/roodman/notebooks/rubin-work/aos/logs/chunk1_mktable.log
